<?xml version="1.0" encoding="UTF-8"?>
<!-- Generated by org.testng.reporters.JUnitReportReporter -->
<testsuite skipped="0" hostname="DESKTOP-V46TSI5" name="tests.TestAboutUsScreenshot" tests="1" failures="0" timestamp="2021-02-23T23:25:35 CET" time="5.659" errors="0">
  <testcase name="testAboutUsScreenshot" time="5.659" classname="tests.TestAboutUsScreenshot"/>
  <system-out/>
</testsuite> <!-- tests.TestAboutUsScreenshot -->
