<?xml version="1.0" encoding="UTF-8"?>
<!-- Generated by org.testng.reporters.JUnitReportReporter -->
<testsuite skipped="0" hostname="DESKTOP-V46TSI5" name="tests.Testlogin" tests="1" failures="0" timestamp="2021-02-22T23:42:27 CET" time="39.176" errors="0">
  <testcase name="testLogin" time="39.176" classname="tests.Testlogin"/>
  <system-out/>
</testsuite> <!-- tests.Testlogin -->
