<?xml version="1.0" encoding="UTF-8"?>
<!-- Generated by org.testng.reporters.JUnitReportReporter -->
<testsuite skipped="0" hostname="DESKTOP-V46TSI5" name="tests.TestEditEmployee" tests="1" failures="0" timestamp="2021-02-23T21:55:49 CET" time="34.241" errors="0">
  <testcase name="testEditName" time="34.241" classname="tests.TestEditEmployee"/>
  <system-out/>
</testsuite> <!-- tests.TestEditEmployee -->
