<?xml version="1.0" encoding="UTF-8"?>
<!-- Generated by org.testng.reporters.JUnitReportReporter -->
<testsuite skipped="0" hostname="DESKTOP-V46TSI5" name="tests.TestTrialHome" tests="1" failures="0" timestamp="2021-02-22T22:09:04 CET" time="74.215" errors="0">
  <testcase name="testTrial" time="74.215" classname="tests.TestTrialHome"/>
  <system-out/>
</testsuite> <!-- tests.TestTrialHome -->
