<?xml version="1.0" encoding="UTF-8"?>
<!-- Generated by org.testng.reporters.JUnitReportReporter -->
<testsuite skipped="0" hostname="DESKTOP-V46TSI5" name="tests.TestAddEmployee" tests="1" failures="0" timestamp="2021-02-23T22:08:01 CET" time="24.493" errors="0">
  <testcase name="testAddEmployee" time="24.493" classname="tests.TestAddEmployee"/>
  <system-out/>
</testsuite> <!-- tests.TestAddEmployee -->
