<?xml version="1.0" encoding="UTF-8"?>
<!-- Generated by org.testng.reporters.JUnitReportReporter -->
<testsuite skipped="0" hostname="DESKTOP-V46TSI5" name="tests.TestEditAdminAccount" tests="1" failures="0" timestamp="2021-02-25T21:35:31 CET" time="18.289" errors="0">
  <testcase name="testEditAdmin" time="18.289" classname="tests.TestEditAdminAccount"/>
  <system-out/>
</testsuite> <!-- tests.TestEditAdminAccount -->
