<?xml version="1.0" encoding="UTF-8"?>
<!-- Generated by org.testng.reporters.JUnitReportReporter -->
<testsuite skipped="0" hostname="DESKTOP-V46TSI5" name="tests.TestAddEmployeePict" tests="1" failures="0" timestamp="2021-02-23T22:51:57 CET" time="34.415" errors="0">
  <testcase name="testAddEmployeePict" time="34.415" classname="tests.TestAddEmployeePict"/>
  <system-out/>
</testsuite> <!-- tests.TestAddEmployeePict -->
