<?xml version="1.0" encoding="UTF-8"?>
<!-- Generated by org.testng.reporters.JUnitReportReporter -->
<testsuite skipped="0" hostname="DESKTOP-V46TSI5" name="tests.TestPopupTrial" tests="1" failures="0" timestamp="2021-02-22T23:22:55 CET" time="66.259" errors="0">
  <testcase name="testPopupTrial" time="66.259" classname="tests.TestPopupTrial"/>
  <system-out/>
</testsuite> <!-- tests.TestPopupTrial -->
