<?xml version="1.0" encoding="UTF-8"?>
<!-- Generated by org.testng.reporters.JUnitReportReporter -->
<testsuite skipped="0" hostname="DESKTOP-V46TSI5" name="tests.TestAddMultipleEmployees" tests="1" failures="0" timestamp="2021-02-24T22:46:34 CET" time="45.137" errors="0">
  <testcase name="testAddMultipleEmployees" time="45.137" classname="tests.TestAddMultipleEmployees"/>
  <system-out/>
</testsuite> <!-- tests.TestAddMultipleEmployees -->
