<?xml version="1.0" encoding="UTF-8"?>
<!-- Generated by org.testng.reporters.JUnitReportReporter -->
<testsuite skipped="0" hostname="DESKTOP-V46TSI5" name="tests.TestDashboard" tests="1" failures="0" timestamp="2021-02-23T21:13:23 CET" time="43.137" errors="0">
  <testcase name="testDashboardTabs" time="43.137" classname="tests.TestDashboard"/>
  <system-out/>
</testsuite> <!-- tests.TestDashboard -->
